<?xml version="1.0" encoding="UTF-8"?>
<!-- Generated by org.testng.reporters.JUnitReportReporter -->
<testsuite hostname="INsaikrisv.local" name="com.test.sample.SampleTest" tests="4" failures="0" timestamp="4 Feb 2016 13:03:08 GMT" time="11.118" errors="0">
  <testcase name="testApp2" time="1.179" classname="com.test.sample.SampleTest"/>
  <testcase name="testApp" time="0.037" classname="com.test.sample.SampleTest"/>
  <testcase name="testApp3" time="0.040" classname="com.test.sample.SampleTest"/>
  <testcase name="testApp1" time="9.862" classname="com.test.sample.SampleTest"/>
</testsuite> <!-- com.test.sample.SampleTest -->
