<?xml version="1.0" encoding="UTF-8"?>
<!-- Generated by org.testng.reporters.JUnitReportReporter -->
<testsuite hostname="INsaikrisv.local" name="com.test.sample.Runner" tests="1" failures="0" timestamp="25 Jan 2016 07:49:02 GMT" time="0.676" errors="0">
  <testcase name="testReports" time="0.676" classname="com.test.sample.Runner"/>
</testsuite> <!-- com.test.sample.Runner -->
